<?xml version="1.0" encoding="UTF-8"?>
<!-- Generated by org.testng.reporters.JUnitReportReporter -->
<testsuite hostname="LAPTOP-3K0RDTE4" failures="0" tests="1" name="test.hometest" time="41.498" errors="0" timestamp="2024-06-24T12:40:01 IST" skipped="0">
  <testcase classname="test.hometest" name="content" time="41.498"/>
</testsuite> <!-- test.hometest -->
