<?xml version="1.0" encoding="UTF-8"?>
<!-- Generated by org.testng.reporters.JUnitReportReporter -->
<testsuite hostname="LAPTOP-3K0RDTE4" failures="0" tests="1" name="test.jointeamtest" time="24.302" errors="0" timestamp="2024-06-24T12:54:12 IST" skipped="0">
  <testcase classname="test.jointeamtest" name="test" time="24.302"/>
</testsuite> <!-- test.jointeamtest -->
