<?xml version="1.0" encoding="UTF-8"?>
<!-- Generated by org.testng.reporters.JUnitReportReporter -->
<testsuite hostname="LAPTOP-3K0RDTE4" failures="0" tests="1" name="test.windowhandlingtest" time="17.287" errors="0" timestamp="2024-06-24T13:00:06 IST" skipped="0">
  <testcase classname="test.windowhandlingtest" name="test" time="17.287"/>
</testsuite> <!-- test.windowhandlingtest -->
