<?xml version="1.0" encoding="UTF-8"?>
<!-- Generated by org.testng.reporters.JUnitReportReporter -->
<testsuite hostname="LAPTOP-3K0RDTE4" failures="0" tests="2" name="test.booknowtest" time="29.452" errors="0" timestamp="2024-06-24T13:10:28 IST" skipped="0">
  <testcase classname="test.booknowtest" name="contents" time="19.179"/>
  <testcase classname="test.booknowtest" name="urlloading" time="10.273"/>
</testsuite> <!-- test.booknowtest -->
